The system is: Linux - 2.6.32-573.22.1.el6.x86_64 - x86_64
Compiling the C compiler identification source file "CMakeCCompilerId.c" succeeded.
Compiler: /opt/gcc-4.9.3/bin/gcc 
Build flags: 
Id flags: 

The output was:
0


Compilation of the C compiler identification source "CMakeCCompilerId.c" produced "a.out"

The C compiler identification is GNU, found in "/user/4/melouxm/TP/2A/3D/practical7/build/CMakeFiles/2.8.12.2/CompilerIdC/a.out"

Compiling the CXX compiler identification source file "CMakeCXXCompilerId.cpp" succeeded.
Compiler: /opt/gcc-4.9.3/bin/g++ 
Build flags: 
Id flags: 

The output was:
0


Compilation of the CXX compiler identification source "CMakeCXXCompilerId.cpp" produced "a.out"

The CXX compiler identification is GNU, found in "/user/4/melouxm/TP/2A/3D/practical7/build/CMakeFiles/2.8.12.2/CompilerIdCXX/a.out"

Determining if the C compiler works passed with the following output:
Change Dir: /user/4/melouxm/TP/2A/3D/practical7/build/CMakeFiles/CMakeTmp

Run Build Command:/usr/bin/gmake "cmTryCompileExec2481821409/fast"
/usr/bin/gmake -f CMakeFiles/cmTryCompileExec2481821409.dir/build.make CMakeFiles/cmTryCompileExec2481821409.dir/build
gmake[1]: Entering directory `/user/4/.base/melouxm/home/TP/2A/3D/practical7/build/CMakeFiles/CMakeTmp'
/usr/bin/cmake -E cmake_progress_report /user/4/melouxm/TP/2A/3D/practical7/build/CMakeFiles/CMakeTmp/CMakeFiles 1
Building C object CMakeFiles/cmTryCompileExec2481821409.dir/testCCompiler.c.o
/opt/gcc-4.9.3/bin/gcc    -o CMakeFiles/cmTryCompileExec2481821409.dir/testCCompiler.c.o   -c /user/4/melouxm/TP/2A/3D/practical7/build/CMakeFiles/CMakeTmp/testCCompiler.c
Linking C executable cmTryCompileExec2481821409
/usr/bin/cmake -E cmake_link_script CMakeFiles/cmTryCompileExec2481821409.dir/link.txt --verbose=1
/opt/gcc-4.9.3/bin/gcc       CMakeFiles/cmTryCompileExec2481821409.dir/testCCompiler.c.o  -o cmTryCompileExec2481821409 -rdynamic 
gmake[1]: Leaving directory `/user/4/.base/melouxm/home/TP/2A/3D/practical7/build/CMakeFiles/CMakeTmp'


Detecting C compiler ABI info compiled with the following output:
Change Dir: /user/4/melouxm/TP/2A/3D/practical7/build/CMakeFiles/CMakeTmp

Run Build Command:/usr/bin/gmake "cmTryCompileExec4235653702/fast"
/usr/bin/gmake -f CMakeFiles/cmTryCompileExec4235653702.dir/build.make CMakeFiles/cmTryCompileExec4235653702.dir/build
gmake[1]: Entering directory `/user/4/.base/melouxm/home/TP/2A/3D/practical7/build/CMakeFiles/CMakeTmp'
/usr/bin/cmake -E cmake_progress_report /user/4/melouxm/TP/2A/3D/practical7/build/CMakeFiles/CMakeTmp/CMakeFiles 1
Building C object CMakeFiles/cmTryCompileExec4235653702.dir/CMakeCCompilerABI.c.o
/opt/gcc-4.9.3/bin/gcc    -o CMakeFiles/cmTryCompileExec4235653702.dir/CMakeCCompilerABI.c.o   -c /usr/share/cmake/Modules/CMakeCCompilerABI.c
Linking C executable cmTryCompileExec4235653702
/usr/bin/cmake -E cmake_link_script CMakeFiles/cmTryCompileExec4235653702.dir/link.txt --verbose=1
/opt/gcc-4.9.3/bin/gcc     -v CMakeFiles/cmTryCompileExec4235653702.dir/CMakeCCompilerABI.c.o  -o cmTryCompileExec4235653702 -rdynamic  
Using built-in specs.
COLLECT_GCC=/opt/gcc-4.9.3/bin/gcc
COLLECT_LTO_WRAPPER=/opt/gcc-4.9.3/libexec/gcc/x86_64-unknown-linux-gnu/4.9.3/lto-wrapper
Target: x86_64-unknown-linux-gnu
Configured with: ./configure --prefix=/opt/gcc-4.9.3 --with-gmp-include=/opt/gcc-4.9.3/include --with-gmp-lib=/opt/gcc-4.9.3/lib --with-mpfr-include=/opt/gcc-4.9.3/include --with-mpfr-lib=/opt/gcc-4.9.3/lib --with-mpc-include=/opt/gcc-4.9.3/include --with-mpc-lib=/opt/gcc-4.9.3/lib --with-cloog-include=/opt/gcc-4.9.3/include --with-cloog-lib=/opt/gcc-4.9.3/lib --enable-libada --enable-ld=yes
Thread model: posix
gcc version 4.9.3 (GCC) 
COMPILER_PATH=/opt/gcc-4.9.3/libexec/gcc/x86_64-unknown-linux-gnu/4.9.3/:/opt/gcc-4.9.3/libexec/gcc/x86_64-unknown-linux-gnu/4.9.3/:/opt/gcc-4.9.3/libexec/gcc/x86_64-unknown-linux-gnu/:/opt/gcc-4.9.3/lib/gcc/x86_64-unknown-linux-gnu/4.9.3/:/opt/gcc-4.9.3/lib/gcc/x86_64-unknown-linux-gnu/
LIBRARY_PATH=/opt/gcc-4.9.3/lib/gcc/x86_64-unknown-linux-gnu/4.9.3/:/opt/gcc-4.9.3/lib/gcc/x86_64-unknown-linux-gnu/4.9.3/../../../../lib64/:/lib/../lib64/:/usr/lib/../lib64/:/opt/gcc-4.9.3/lib/gcc/x86_64-unknown-linux-gnu/4.9.3/../../../:/lib/:/usr/lib/
COLLECT_GCC_OPTIONS='-v' '-o' 'cmTryCompileExec4235653702' '-rdynamic' '-mtune=generic' '-march=x86-64'
 /opt/gcc-4.9.3/libexec/gcc/x86_64-unknown-linux-gnu/4.9.3/collect2 --eh-frame-hdr -m elf_x86_64 -export-dynamic -dynamic-linker /lib64/ld-linux-x86-64.so.2 -o cmTryCompileExec4235653702 /usr/lib/../lib64/crt1.o /usr/lib/../lib64/crti.o /opt/gcc-4.9.3/lib/gcc/x86_64-unknown-linux-gnu/4.9.3/crtbegin.o -L/opt/gcc-4.9.3/lib/gcc/x86_64-unknown-linux-gnu/4.9.3 -L/opt/gcc-4.9.3/lib/gcc/x86_64-unknown-linux-gnu/4.9.3/../../../../lib64 -L/lib/../lib64 -L/usr/lib/../lib64 -L/opt/gcc-4.9.3/lib/gcc/x86_64-unknown-linux-gnu/4.9.3/../../.. CMakeFiles/cmTryCompileExec4235653702.dir/CMakeCCompilerABI.c.o -lgcc --as-needed -lgcc_s --no-as-needed -lc -lgcc --as-needed -lgcc_s --no-as-needed /opt/gcc-4.9.3/lib/gcc/x86_64-unknown-linux-gnu/4.9.3/crtend.o /usr/lib/../lib64/crtn.o
gmake[1]: Leaving directory `/user/4/.base/melouxm/home/TP/2A/3D/practical7/build/CMakeFiles/CMakeTmp'


Parsed C implicit link information from above output:
  link line regex: [^( *|.*[/\])(ld|([^/\]+-)?ld|collect2)[^/\]*( |$)]
  ignore line: [Change Dir: /user/4/melouxm/TP/2A/3D/practical7/build/CMakeFiles/CMakeTmp]
  ignore line: []
  ignore line: [Run Build Command:/usr/bin/gmake "cmTryCompileExec4235653702/fast"]
  ignore line: [/usr/bin/gmake -f CMakeFiles/cmTryCompileExec4235653702.dir/build.make CMakeFiles/cmTryCompileExec4235653702.dir/build]
  ignore line: [gmake[1]: Entering directory `/user/4/.base/melouxm/home/TP/2A/3D/practical7/build/CMakeFiles/CMakeTmp']
  ignore line: [/usr/bin/cmake -E cmake_progress_report /user/4/melouxm/TP/2A/3D/practical7/build/CMakeFiles/CMakeTmp/CMakeFiles 1]
  ignore line: [Building C object CMakeFiles/cmTryCompileExec4235653702.dir/CMakeCCompilerABI.c.o]
  ignore line: [/opt/gcc-4.9.3/bin/gcc    -o CMakeFiles/cmTryCompileExec4235653702.dir/CMakeCCompilerABI.c.o   -c /usr/share/cmake/Modules/CMakeCCompilerABI.c]
  ignore line: [Linking C executable cmTryCompileExec4235653702]
  ignore line: [/usr/bin/cmake -E cmake_link_script CMakeFiles/cmTryCompileExec4235653702.dir/link.txt --verbose=1]
  ignore line: [/opt/gcc-4.9.3/bin/gcc     -v CMakeFiles/cmTryCompileExec4235653702.dir/CMakeCCompilerABI.c.o  -o cmTryCompileExec4235653702 -rdynamic  ]
  ignore line: [Using built-in specs.]
  ignore line: [COLLECT_GCC=/opt/gcc-4.9.3/bin/gcc]
  ignore line: [COLLECT_LTO_WRAPPER=/opt/gcc-4.9.3/libexec/gcc/x86_64-unknown-linux-gnu/4.9.3/lto-wrapper]
  ignore line: [Target: x86_64-unknown-linux-gnu]
  ignore line: [Configured with: ./configure --prefix=/opt/gcc-4.9.3 --with-gmp-include=/opt/gcc-4.9.3/include --with-gmp-lib=/opt/gcc-4.9.3/lib --with-mpfr-include=/opt/gcc-4.9.3/include --with-mpfr-lib=/opt/gcc-4.9.3/lib --with-mpc-include=/opt/gcc-4.9.3/include --with-mpc-lib=/opt/gcc-4.9.3/lib --with-cloog-include=/opt/gcc-4.9.3/include --with-cloog-lib=/opt/gcc-4.9.3/lib --enable-libada --enable-ld=yes]
  ignore line: [Thread model: posix]
  ignore line: [gcc version 4.9.3 (GCC) ]
  ignore line: [COMPILER_PATH=/opt/gcc-4.9.3/libexec/gcc/x86_64-unknown-linux-gnu/4.9.3/:/opt/gcc-4.9.3/libexec/gcc/x86_64-unknown-linux-gnu/4.9.3/:/opt/gcc-4.9.3/libexec/gcc/x86_64-unknown-linux-gnu/:/opt/gcc-4.9.3/lib/gcc/x86_64-unknown-linux-gnu/4.9.3/:/opt/gcc-4.9.3/lib/gcc/x86_64-unknown-linux-gnu/]
  ignore line: [LIBRARY_PATH=/opt/gcc-4.9.3/lib/gcc/x86_64-unknown-linux-gnu/4.9.3/:/opt/gcc-4.9.3/lib/gcc/x86_64-unknown-linux-gnu/4.9.3/../../../../lib64/:/lib/../lib64/:/usr/lib/../lib64/:/opt/gcc-4.9.3/lib/gcc/x86_64-unknown-linux-gnu/4.9.3/../../../:/lib/:/usr/lib/]
  ignore line: [COLLECT_GCC_OPTIONS='-v' '-o' 'cmTryCompileExec4235653702' '-rdynamic' '-mtune=generic' '-march=x86-64']
  link line: [ /opt/gcc-4.9.3/libexec/gcc/x86_64-unknown-linux-gnu/4.9.3/collect2 --eh-frame-hdr -m elf_x86_64 -export-dynamic -dynamic-linker /lib64/ld-linux-x86-64.so.2 -o cmTryCompileExec4235653702 /usr/lib/../lib64/crt1.o /usr/lib/../lib64/crti.o /opt/gcc-4.9.3/lib/gcc/x86_64-unknown-linux-gnu/4.9.3/crtbegin.o -L/opt/gcc-4.9.3/lib/gcc/x86_64-unknown-linux-gnu/4.9.3 -L/opt/gcc-4.9.3/lib/gcc/x86_64-unknown-linux-gnu/4.9.3/../../../../lib64 -L/lib/../lib64 -L/usr/lib/../lib64 -L/opt/gcc-4.9.3/lib/gcc/x86_64-unknown-linux-gnu/4.9.3/../../.. CMakeFiles/cmTryCompileExec4235653702.dir/CMakeCCompilerABI.c.o -lgcc --as-needed -lgcc_s --no-as-needed -lc -lgcc --as-needed -lgcc_s --no-as-needed /opt/gcc-4.9.3/lib/gcc/x86_64-unknown-linux-gnu/4.9.3/crtend.o /usr/lib/../lib64/crtn.o]
    arg [/opt/gcc-4.9.3/libexec/gcc/x86_64-unknown-linux-gnu/4.9.3/collect2] ==> ignore
    arg [--eh-frame-hdr] ==> ignore
    arg [-m] ==> ignore
    arg [elf_x86_64] ==> ignore
    arg [-export-dynamic] ==> ignore
    arg [-dynamic-linker] ==> ignore
    arg [/lib64/ld-linux-x86-64.so.2] ==> ignore
    arg [-o] ==> ignore
    arg [cmTryCompileExec4235653702] ==> ignore
    arg [/usr/lib/../lib64/crt1.o] ==> ignore
    arg [/usr/lib/../lib64/crti.o] ==> ignore
    arg [/opt/gcc-4.9.3/lib/gcc/x86_64-unknown-linux-gnu/4.9.3/crtbegin.o] ==> ignore
    arg [-L/opt/gcc-4.9.3/lib/gcc/x86_64-unknown-linux-gnu/4.9.3] ==> dir [/opt/gcc-4.9.3/lib/gcc/x86_64-unknown-linux-gnu/4.9.3]
    arg [-L/opt/gcc-4.9.3/lib/gcc/x86_64-unknown-linux-gnu/4.9.3/../../../../lib64] ==> dir [/opt/gcc-4.9.3/lib/gcc/x86_64-unknown-linux-gnu/4.9.3/../../../../lib64]
    arg [-L/lib/../lib64] ==> dir [/lib/../lib64]
    arg [-L/usr/lib/../lib64] ==> dir [/usr/lib/../lib64]
    arg [-L/opt/gcc-4.9.3/lib/gcc/x86_64-unknown-linux-gnu/4.9.3/../../..] ==> dir [/opt/gcc-4.9.3/lib/gcc/x86_64-unknown-linux-gnu/4.9.3/../../..]
    arg [CMakeFiles/cmTryCompileExec4235653702.dir/CMakeCCompilerABI.c.o] ==> ignore
    arg [-lgcc] ==> lib [gcc]
    arg [--as-needed] ==> ignore
    arg [-lgcc_s] ==> lib [gcc_s]
    arg [--no-as-needed] ==> ignore
    arg [-lc] ==> lib [c]
    arg [-lgcc] ==> lib [gcc]
    arg [--as-needed] ==> ignore
    arg [-lgcc_s] ==> lib [gcc_s]
    arg [--no-as-needed] ==> ignore
    arg [/opt/gcc-4.9.3/lib/gcc/x86_64-unknown-linux-gnu/4.9.3/crtend.o] ==> ignore
    arg [/usr/lib/../lib64/crtn.o] ==> ignore
  remove lib [gcc]
  remove lib [gcc_s]
  remove lib [gcc]
  remove lib [gcc_s]
  collapse library dir [/opt/gcc-4.9.3/lib/gcc/x86_64-unknown-linux-gnu/4.9.3] ==> [/opt/gcc-4.9.3/lib/gcc/x86_64-unknown-linux-gnu/4.9.3]
  collapse library dir [/opt/gcc-4.9.3/lib/gcc/x86_64-unknown-linux-gnu/4.9.3/../../../../lib64] ==> [/opt/gcc-4.9.3/lib64]
  collapse library dir [/lib/../lib64] ==> [/lib64]
  collapse library dir [/usr/lib/../lib64] ==> [/usr/lib64]
  collapse library dir [/opt/gcc-4.9.3/lib/gcc/x86_64-unknown-linux-gnu/4.9.3/../../..] ==> [/opt/gcc-4.9.3/lib]
  implicit libs: [c]
  implicit dirs: [/opt/gcc-4.9.3/lib/gcc/x86_64-unknown-linux-gnu/4.9.3;/opt/gcc-4.9.3/lib64;/lib64;/usr/lib64;/opt/gcc-4.9.3/lib]
  implicit fwks: []


Determining if the CXX compiler works passed with the following output:
Change Dir: /user/4/melouxm/TP/2A/3D/practical7/build/CMakeFiles/CMakeTmp

Run Build Command:/usr/bin/gmake "cmTryCompileExec551549550/fast"
/usr/bin/gmake -f CMakeFiles/cmTryCompileExec551549550.dir/build.make CMakeFiles/cmTryCompileExec551549550.dir/build
gmake[1]: Entering directory `/user/4/.base/melouxm/home/TP/2A/3D/practical7/build/CMakeFiles/CMakeTmp'
/usr/bin/cmake -E cmake_progress_report /user/4/melouxm/TP/2A/3D/practical7/build/CMakeFiles/CMakeTmp/CMakeFiles 1
Building CXX object CMakeFiles/cmTryCompileExec551549550.dir/testCXXCompiler.cxx.o
/opt/gcc-4.9.3/bin/g++     -o CMakeFiles/cmTryCompileExec551549550.dir/testCXXCompiler.cxx.o -c /user/4/melouxm/TP/2A/3D/practical7/build/CMakeFiles/CMakeTmp/testCXXCompiler.cxx
Linking CXX executable cmTryCompileExec551549550
/usr/bin/cmake -E cmake_link_script CMakeFiles/cmTryCompileExec551549550.dir/link.txt --verbose=1
/opt/gcc-4.9.3/bin/g++        CMakeFiles/cmTryCompileExec551549550.dir/testCXXCompiler.cxx.o  -o cmTryCompileExec551549550 -rdynamic 
gmake[1]: Leaving directory `/user/4/.base/melouxm/home/TP/2A/3D/practical7/build/CMakeFiles/CMakeTmp'


Detecting CXX compiler ABI info compiled with the following output:
Change Dir: /user/4/melouxm/TP/2A/3D/practical7/build/CMakeFiles/CMakeTmp

Run Build Command:/usr/bin/gmake "cmTryCompileExec1048207789/fast"
/usr/bin/gmake -f CMakeFiles/cmTryCompileExec1048207789.dir/build.make CMakeFiles/cmTryCompileExec1048207789.dir/build
gmake[1]: Entering directory `/user/4/.base/melouxm/home/TP/2A/3D/practical7/build/CMakeFiles/CMakeTmp'
/usr/bin/cmake -E cmake_progress_report /user/4/melouxm/TP/2A/3D/practical7/build/CMakeFiles/CMakeTmp/CMakeFiles 1
Building CXX object CMakeFiles/cmTryCompileExec1048207789.dir/CMakeCXXCompilerABI.cpp.o
/opt/gcc-4.9.3/bin/g++     -o CMakeFiles/cmTryCompileExec1048207789.dir/CMakeCXXCompilerABI.cpp.o -c /usr/share/cmake/Modules/CMakeCXXCompilerABI.cpp
Linking CXX executable cmTryCompileExec1048207789
/usr/bin/cmake -E cmake_link_script CMakeFiles/cmTryCompileExec1048207789.dir/link.txt --verbose=1
/opt/gcc-4.9.3/bin/g++      -v CMakeFiles/cmTryCompileExec1048207789.dir/CMakeCXXCompilerABI.cpp.o  -o cmTryCompileExec1048207789 -rdynamic  
Using built-in specs.
COLLECT_GCC=/opt/gcc-4.9.3/bin/g++
COLLECT_LTO_WRAPPER=/opt/gcc-4.9.3/libexec/gcc/x86_64-unknown-linux-gnu/4.9.3/lto-wrapper
Target: x86_64-unknown-linux-gnu
Configured with: ./configure --prefix=/opt/gcc-4.9.3 --with-gmp-include=/opt/gcc-4.9.3/include --with-gmp-lib=/opt/gcc-4.9.3/lib --with-mpfr-include=/opt/gcc-4.9.3/include --with-mpfr-lib=/opt/gcc-4.9.3/lib --with-mpc-include=/opt/gcc-4.9.3/include --with-mpc-lib=/opt/gcc-4.9.3/lib --with-cloog-include=/opt/gcc-4.9.3/include --with-cloog-lib=/opt/gcc-4.9.3/lib --enable-libada --enable-ld=yes
Thread model: posix
gcc version 4.9.3 (GCC) 
COMPILER_PATH=/opt/gcc-4.9.3/libexec/gcc/x86_64-unknown-linux-gnu/4.9.3/:/opt/gcc-4.9.3/libexec/gcc/x86_64-unknown-linux-gnu/4.9.3/:/opt/gcc-4.9.3/libexec/gcc/x86_64-unknown-linux-gnu/:/opt/gcc-4.9.3/lib/gcc/x86_64-unknown-linux-gnu/4.9.3/:/opt/gcc-4.9.3/lib/gcc/x86_64-unknown-linux-gnu/
LIBRARY_PATH=/opt/gcc-4.9.3/lib/gcc/x86_64-unknown-linux-gnu/4.9.3/:/opt/gcc-4.9.3/lib/gcc/x86_64-unknown-linux-gnu/4.9.3/../../../../lib64/:/lib/../lib64/:/usr/lib/../lib64/:/opt/gcc-4.9.3/lib/gcc/x86_64-unknown-linux-gnu/4.9.3/../../../:/lib/:/usr/lib/
COLLECT_GCC_OPTIONS='-v' '-o' 'cmTryCompileExec1048207789' '-rdynamic' '-shared-libgcc' '-mtune=generic' '-march=x86-64'
 /opt/gcc-4.9.3/libexec/gcc/x86_64-unknown-linux-gnu/4.9.3/collect2 --eh-frame-hdr -m elf_x86_64 -export-dynamic -dynamic-linker /lib64/ld-linux-x86-64.so.2 -o cmTryCompileExec1048207789 /usr/lib/../lib64/crt1.o /usr/lib/../lib64/crti.o /opt/gcc-4.9.3/lib/gcc/x86_64-unknown-linux-gnu/4.9.3/crtbegin.o -L/opt/gcc-4.9.3/lib/gcc/x86_64-unknown-linux-gnu/4.9.3 -L/opt/gcc-4.9.3/lib/gcc/x86_64-unknown-linux-gnu/4.9.3/../../../../lib64 -L/lib/../lib64 -L/usr/lib/../lib64 -L/opt/gcc-4.9.3/lib/gcc/x86_64-unknown-linux-gnu/4.9.3/../../.. CMakeFiles/cmTryCompileExec1048207789.dir/CMakeCXXCompilerABI.cpp.o -lstdc++ -lm -lgcc_s -lgcc -lc -lgcc_s -lgcc /opt/gcc-4.9.3/lib/gcc/x86_64-unknown-linux-gnu/4.9.3/crtend.o /usr/lib/../lib64/crtn.o
gmake[1]: Leaving directory `/user/4/.base/melouxm/home/TP/2A/3D/practical7/build/CMakeFiles/CMakeTmp'


Parsed CXX implicit link information from above output:
  link line regex: [^( *|.*[/\])(ld|([^/\]+-)?ld|collect2)[^/\]*( |$)]
  ignore line: [Change Dir: /user/4/melouxm/TP/2A/3D/practical7/build/CMakeFiles/CMakeTmp]
  ignore line: []
  ignore line: [Run Build Command:/usr/bin/gmake "cmTryCompileExec1048207789/fast"]
  ignore line: [/usr/bin/gmake -f CMakeFiles/cmTryCompileExec1048207789.dir/build.make CMakeFiles/cmTryCompileExec1048207789.dir/build]
  ignore line: [gmake[1]: Entering directory `/user/4/.base/melouxm/home/TP/2A/3D/practical7/build/CMakeFiles/CMakeTmp']
  ignore line: [/usr/bin/cmake -E cmake_progress_report /user/4/melouxm/TP/2A/3D/practical7/build/CMakeFiles/CMakeTmp/CMakeFiles 1]
  ignore line: [Building CXX object CMakeFiles/cmTryCompileExec1048207789.dir/CMakeCXXCompilerABI.cpp.o]
  ignore line: [/opt/gcc-4.9.3/bin/g++     -o CMakeFiles/cmTryCompileExec1048207789.dir/CMakeCXXCompilerABI.cpp.o -c /usr/share/cmake/Modules/CMakeCXXCompilerABI.cpp]
  ignore line: [Linking CXX executable cmTryCompileExec1048207789]
  ignore line: [/usr/bin/cmake -E cmake_link_script CMakeFiles/cmTryCompileExec1048207789.dir/link.txt --verbose=1]
  ignore line: [/opt/gcc-4.9.3/bin/g++      -v CMakeFiles/cmTryCompileExec1048207789.dir/CMakeCXXCompilerABI.cpp.o  -o cmTryCompileExec1048207789 -rdynamic  ]
  ignore line: [Using built-in specs.]
  ignore line: [COLLECT_GCC=/opt/gcc-4.9.3/bin/g++]
  ignore line: [COLLECT_LTO_WRAPPER=/opt/gcc-4.9.3/libexec/gcc/x86_64-unknown-linux-gnu/4.9.3/lto-wrapper]
  ignore line: [Target: x86_64-unknown-linux-gnu]
  ignore line: [Configured with: ./configure --prefix=/opt/gcc-4.9.3 --with-gmp-include=/opt/gcc-4.9.3/include --with-gmp-lib=/opt/gcc-4.9.3/lib --with-mpfr-include=/opt/gcc-4.9.3/include --with-mpfr-lib=/opt/gcc-4.9.3/lib --with-mpc-include=/opt/gcc-4.9.3/include --with-mpc-lib=/opt/gcc-4.9.3/lib --with-cloog-include=/opt/gcc-4.9.3/include --with-cloog-lib=/opt/gcc-4.9.3/lib --enable-libada --enable-ld=yes]
  ignore line: [Thread model: posix]
  ignore line: [gcc version 4.9.3 (GCC) ]
  ignore line: [COMPILER_PATH=/opt/gcc-4.9.3/libexec/gcc/x86_64-unknown-linux-gnu/4.9.3/:/opt/gcc-4.9.3/libexec/gcc/x86_64-unknown-linux-gnu/4.9.3/:/opt/gcc-4.9.3/libexec/gcc/x86_64-unknown-linux-gnu/:/opt/gcc-4.9.3/lib/gcc/x86_64-unknown-linux-gnu/4.9.3/:/opt/gcc-4.9.3/lib/gcc/x86_64-unknown-linux-gnu/]
  ignore line: [LIBRARY_PATH=/opt/gcc-4.9.3/lib/gcc/x86_64-unknown-linux-gnu/4.9.3/:/opt/gcc-4.9.3/lib/gcc/x86_64-unknown-linux-gnu/4.9.3/../../../../lib64/:/lib/../lib64/:/usr/lib/../lib64/:/opt/gcc-4.9.3/lib/gcc/x86_64-unknown-linux-gnu/4.9.3/../../../:/lib/:/usr/lib/]
  ignore line: [COLLECT_GCC_OPTIONS='-v' '-o' 'cmTryCompileExec1048207789' '-rdynamic' '-shared-libgcc' '-mtune=generic' '-march=x86-64']
  link line: [ /opt/gcc-4.9.3/libexec/gcc/x86_64-unknown-linux-gnu/4.9.3/collect2 --eh-frame-hdr -m elf_x86_64 -export-dynamic -dynamic-linker /lib64/ld-linux-x86-64.so.2 -o cmTryCompileExec1048207789 /usr/lib/../lib64/crt1.o /usr/lib/../lib64/crti.o /opt/gcc-4.9.3/lib/gcc/x86_64-unknown-linux-gnu/4.9.3/crtbegin.o -L/opt/gcc-4.9.3/lib/gcc/x86_64-unknown-linux-gnu/4.9.3 -L/opt/gcc-4.9.3/lib/gcc/x86_64-unknown-linux-gnu/4.9.3/../../../../lib64 -L/lib/../lib64 -L/usr/lib/../lib64 -L/opt/gcc-4.9.3/lib/gcc/x86_64-unknown-linux-gnu/4.9.3/../../.. CMakeFiles/cmTryCompileExec1048207789.dir/CMakeCXXCompilerABI.cpp.o -lstdc++ -lm -lgcc_s -lgcc -lc -lgcc_s -lgcc /opt/gcc-4.9.3/lib/gcc/x86_64-unknown-linux-gnu/4.9.3/crtend.o /usr/lib/../lib64/crtn.o]
    arg [/opt/gcc-4.9.3/libexec/gcc/x86_64-unknown-linux-gnu/4.9.3/collect2] ==> ignore
    arg [--eh-frame-hdr] ==> ignore
    arg [-m] ==> ignore
    arg [elf_x86_64] ==> ignore
    arg [-export-dynamic] ==> ignore
    arg [-dynamic-linker] ==> ignore
    arg [/lib64/ld-linux-x86-64.so.2] ==> ignore
    arg [-o] ==> ignore
    arg [cmTryCompileExec1048207789] ==> ignore
    arg [/usr/lib/../lib64/crt1.o] ==> ignore
    arg [/usr/lib/../lib64/crti.o] ==> ignore
    arg [/opt/gcc-4.9.3/lib/gcc/x86_64-unknown-linux-gnu/4.9.3/crtbegin.o] ==> ignore
    arg [-L/opt/gcc-4.9.3/lib/gcc/x86_64-unknown-linux-gnu/4.9.3] ==> dir [/opt/gcc-4.9.3/lib/gcc/x86_64-unknown-linux-gnu/4.9.3]
    arg [-L/opt/gcc-4.9.3/lib/gcc/x86_64-unknown-linux-gnu/4.9.3/../../../../lib64] ==> dir [/opt/gcc-4.9.3/lib/gcc/x86_64-unknown-linux-gnu/4.9.3/../../../../lib64]
    arg [-L/lib/../lib64] ==> dir [/lib/../lib64]
    arg [-L/usr/lib/../lib64] ==> dir [/usr/lib/../lib64]
    arg [-L/opt/gcc-4.9.3/lib/gcc/x86_64-unknown-linux-gnu/4.9.3/../../..] ==> dir [/opt/gcc-4.9.3/lib/gcc/x86_64-unknown-linux-gnu/4.9.3/../../..]
    arg [CMakeFiles/cmTryCompileExec1048207789.dir/CMakeCXXCompilerABI.cpp.o] ==> ignore
    arg [-lstdc++] ==> lib [stdc++]
    arg [-lm] ==> lib [m]
    arg [-lgcc_s] ==> lib [gcc_s]
    arg [-lgcc] ==> lib [gcc]
    arg [-lc] ==> lib [c]
    arg [-lgcc_s] ==> lib [gcc_s]
    arg [-lgcc] ==> lib [gcc]
    arg [/opt/gcc-4.9.3/lib/gcc/x86_64-unknown-linux-gnu/4.9.3/crtend.o] ==> ignore
    arg [/usr/lib/../lib64/crtn.o] ==> ignore
  remove lib [gcc_s]
  remove lib [gcc]
  remove lib [gcc_s]
  remove lib [gcc]
  collapse library dir [/opt/gcc-4.9.3/lib/gcc/x86_64-unknown-linux-gnu/4.9.3] ==> [/opt/gcc-4.9.3/lib/gcc/x86_64-unknown-linux-gnu/4.9.3]
  collapse library dir [/opt/gcc-4.9.3/lib/gcc/x86_64-unknown-linux-gnu/4.9.3/../../../../lib64] ==> [/opt/gcc-4.9.3/lib64]
  collapse library dir [/lib/../lib64] ==> [/lib64]
  collapse library dir [/usr/lib/../lib64] ==> [/usr/lib64]
  collapse library dir [/opt/gcc-4.9.3/lib/gcc/x86_64-unknown-linux-gnu/4.9.3/../../..] ==> [/opt/gcc-4.9.3/lib]
  implicit libs: [stdc++;m;c]
  implicit dirs: [/opt/gcc-4.9.3/lib/gcc/x86_64-unknown-linux-gnu/4.9.3;/opt/gcc-4.9.3/lib64;/lib64;/usr/lib64;/opt/gcc-4.9.3/lib]
  implicit fwks: []


Determining if the function XOpenDisplay exists in the /usr/lib64/libX11.so;/usr/lib64/libXext.so passed with the following output:
Change Dir: /user/4/melouxm/TP/2A/3D/practical7/build/CMakeFiles/CMakeTmp

Run Build Command:/usr/bin/gmake "cmTryCompileExec2587950730/fast"
/usr/bin/gmake -f CMakeFiles/cmTryCompileExec2587950730.dir/build.make CMakeFiles/cmTryCompileExec2587950730.dir/build
gmake[1]: Entering directory `/user/4/.base/melouxm/home/TP/2A/3D/practical7/build/CMakeFiles/CMakeTmp'
/usr/bin/cmake -E cmake_progress_report /user/4/melouxm/TP/2A/3D/practical7/build/CMakeFiles/CMakeTmp/CMakeFiles 1
Building C object CMakeFiles/cmTryCompileExec2587950730.dir/CheckFunctionExists.c.o
/opt/gcc-4.9.3/bin/gcc   -DCHECK_FUNCTION_EXISTS=XOpenDisplay   -o CMakeFiles/cmTryCompileExec2587950730.dir/CheckFunctionExists.c.o   -c /usr/share/cmake/Modules/CheckFunctionExists.c
Linking C executable cmTryCompileExec2587950730
/usr/bin/cmake -E cmake_link_script CMakeFiles/cmTryCompileExec2587950730.dir/link.txt --verbose=1
/opt/gcc-4.9.3/bin/gcc   -DCHECK_FUNCTION_EXISTS=XOpenDisplay    CMakeFiles/cmTryCompileExec2587950730.dir/CheckFunctionExists.c.o  -o cmTryCompileExec2587950730 -rdynamic -lX11 -lXext 
gmake[1]: Leaving directory `/user/4/.base/melouxm/home/TP/2A/3D/practical7/build/CMakeFiles/CMakeTmp'


Determining if the function gethostbyname exists passed with the following output:
Change Dir: /user/4/melouxm/TP/2A/3D/practical7/build/CMakeFiles/CMakeTmp

Run Build Command:/usr/bin/gmake "cmTryCompileExec594833467/fast"
/usr/bin/gmake -f CMakeFiles/cmTryCompileExec594833467.dir/build.make CMakeFiles/cmTryCompileExec594833467.dir/build
gmake[1]: Entering directory `/user/4/.base/melouxm/home/TP/2A/3D/practical7/build/CMakeFiles/CMakeTmp'
/usr/bin/cmake -E cmake_progress_report /user/4/melouxm/TP/2A/3D/practical7/build/CMakeFiles/CMakeTmp/CMakeFiles 1
Building C object CMakeFiles/cmTryCompileExec594833467.dir/CheckFunctionExists.c.o
/opt/gcc-4.9.3/bin/gcc   -DCHECK_FUNCTION_EXISTS=gethostbyname   -o CMakeFiles/cmTryCompileExec594833467.dir/CheckFunctionExists.c.o   -c /usr/share/cmake/Modules/CheckFunctionExists.c
Linking C executable cmTryCompileExec594833467
/usr/bin/cmake -E cmake_link_script CMakeFiles/cmTryCompileExec594833467.dir/link.txt --verbose=1
/opt/gcc-4.9.3/bin/gcc   -DCHECK_FUNCTION_EXISTS=gethostbyname    CMakeFiles/cmTryCompileExec594833467.dir/CheckFunctionExists.c.o  -o cmTryCompileExec594833467 -rdynamic 
gmake[1]: Leaving directory `/user/4/.base/melouxm/home/TP/2A/3D/practical7/build/CMakeFiles/CMakeTmp'


Determining if the function connect exists passed with the following output:
Change Dir: /user/4/melouxm/TP/2A/3D/practical7/build/CMakeFiles/CMakeTmp

Run Build Command:/usr/bin/gmake "cmTryCompileExec2543313437/fast"
/usr/bin/gmake -f CMakeFiles/cmTryCompileExec2543313437.dir/build.make CMakeFiles/cmTryCompileExec2543313437.dir/build
gmake[1]: Entering directory `/user/4/.base/melouxm/home/TP/2A/3D/practical7/build/CMakeFiles/CMakeTmp'
/usr/bin/cmake -E cmake_progress_report /user/4/melouxm/TP/2A/3D/practical7/build/CMakeFiles/CMakeTmp/CMakeFiles 1
Building C object CMakeFiles/cmTryCompileExec2543313437.dir/CheckFunctionExists.c.o
/opt/gcc-4.9.3/bin/gcc   -DCHECK_FUNCTION_EXISTS=connect   -o CMakeFiles/cmTryCompileExec2543313437.dir/CheckFunctionExists.c.o   -c /usr/share/cmake/Modules/CheckFunctionExists.c
Linking C executable cmTryCompileExec2543313437
/usr/bin/cmake -E cmake_link_script CMakeFiles/cmTryCompileExec2543313437.dir/link.txt --verbose=1
/opt/gcc-4.9.3/bin/gcc   -DCHECK_FUNCTION_EXISTS=connect    CMakeFiles/cmTryCompileExec2543313437.dir/CheckFunctionExists.c.o  -o cmTryCompileExec2543313437 -rdynamic 
gmake[1]: Leaving directory `/user/4/.base/melouxm/home/TP/2A/3D/practical7/build/CMakeFiles/CMakeTmp'


Determining if the function remove exists passed with the following output:
Change Dir: /user/4/melouxm/TP/2A/3D/practical7/build/CMakeFiles/CMakeTmp

Run Build Command:/usr/bin/gmake "cmTryCompileExec2435789186/fast"
/usr/bin/gmake -f CMakeFiles/cmTryCompileExec2435789186.dir/build.make CMakeFiles/cmTryCompileExec2435789186.dir/build
gmake[1]: Entering directory `/user/4/.base/melouxm/home/TP/2A/3D/practical7/build/CMakeFiles/CMakeTmp'
/usr/bin/cmake -E cmake_progress_report /user/4/melouxm/TP/2A/3D/practical7/build/CMakeFiles/CMakeTmp/CMakeFiles 1
Building C object CMakeFiles/cmTryCompileExec2435789186.dir/CheckFunctionExists.c.o
/opt/gcc-4.9.3/bin/gcc   -DCHECK_FUNCTION_EXISTS=remove   -o CMakeFiles/cmTryCompileExec2435789186.dir/CheckFunctionExists.c.o   -c /usr/share/cmake/Modules/CheckFunctionExists.c
Linking C executable cmTryCompileExec2435789186
/usr/bin/cmake -E cmake_link_script CMakeFiles/cmTryCompileExec2435789186.dir/link.txt --verbose=1
/opt/gcc-4.9.3/bin/gcc   -DCHECK_FUNCTION_EXISTS=remove    CMakeFiles/cmTryCompileExec2435789186.dir/CheckFunctionExists.c.o  -o cmTryCompileExec2435789186 -rdynamic 
gmake[1]: Leaving directory `/user/4/.base/melouxm/home/TP/2A/3D/practical7/build/CMakeFiles/CMakeTmp'


Determining if the function shmat exists passed with the following output:
Change Dir: /user/4/melouxm/TP/2A/3D/practical7/build/CMakeFiles/CMakeTmp

Run Build Command:/usr/bin/gmake "cmTryCompileExec3222139311/fast"
/usr/bin/gmake -f CMakeFiles/cmTryCompileExec3222139311.dir/build.make CMakeFiles/cmTryCompileExec3222139311.dir/build
gmake[1]: Entering directory `/user/4/.base/melouxm/home/TP/2A/3D/practical7/build/CMakeFiles/CMakeTmp'
/usr/bin/cmake -E cmake_progress_report /user/4/melouxm/TP/2A/3D/practical7/build/CMakeFiles/CMakeTmp/CMakeFiles 1
Building C object CMakeFiles/cmTryCompileExec3222139311.dir/CheckFunctionExists.c.o
/opt/gcc-4.9.3/bin/gcc   -DCHECK_FUNCTION_EXISTS=shmat   -o CMakeFiles/cmTryCompileExec3222139311.dir/CheckFunctionExists.c.o   -c /usr/share/cmake/Modules/CheckFunctionExists.c
Linking C executable cmTryCompileExec3222139311
/usr/bin/cmake -E cmake_link_script CMakeFiles/cmTryCompileExec3222139311.dir/link.txt --verbose=1
/opt/gcc-4.9.3/bin/gcc   -DCHECK_FUNCTION_EXISTS=shmat    CMakeFiles/cmTryCompileExec3222139311.dir/CheckFunctionExists.c.o  -o cmTryCompileExec3222139311 -rdynamic 
gmake[1]: Leaving directory `/user/4/.base/melouxm/home/TP/2A/3D/practical7/build/CMakeFiles/CMakeTmp'


Determining if the function IceConnectionNumber exists in the ICE passed with the following output:
Change Dir: /user/4/melouxm/TP/2A/3D/practical7/build/CMakeFiles/CMakeTmp

Run Build Command:/usr/bin/gmake "cmTryCompileExec1867175349/fast"
/usr/bin/gmake -f CMakeFiles/cmTryCompileExec1867175349.dir/build.make CMakeFiles/cmTryCompileExec1867175349.dir/build
gmake[1]: Entering directory `/user/4/.base/melouxm/home/TP/2A/3D/practical7/build/CMakeFiles/CMakeTmp'
/usr/bin/cmake -E cmake_progress_report /user/4/melouxm/TP/2A/3D/practical7/build/CMakeFiles/CMakeTmp/CMakeFiles 1
Building C object CMakeFiles/cmTryCompileExec1867175349.dir/CheckFunctionExists.c.o
/opt/gcc-4.9.3/bin/gcc   -DCHECK_FUNCTION_EXISTS=IceConnectionNumber   -o CMakeFiles/cmTryCompileExec1867175349.dir/CheckFunctionExists.c.o   -c /usr/share/cmake/Modules/CheckFunctionExists.c
Linking C executable cmTryCompileExec1867175349
/usr/bin/cmake -E cmake_link_script CMakeFiles/cmTryCompileExec1867175349.dir/link.txt --verbose=1
/opt/gcc-4.9.3/bin/gcc   -DCHECK_FUNCTION_EXISTS=IceConnectionNumber    CMakeFiles/cmTryCompileExec1867175349.dir/CheckFunctionExists.c.o  -o cmTryCompileExec1867175349 -rdynamic -lICE 
gmake[1]: Leaving directory `/user/4/.base/melouxm/home/TP/2A/3D/practical7/build/CMakeFiles/CMakeTmp'


